TN:
SF:/home/vagrant/work/devcapsule-angular/app/scripts/app.js
FN:20,(anonymous_1)
FNF:1
FNH:1
FNDA:52,(anonymous_1)
DA:11,1
DA:21,52
DA:43,52
LF:3
LH:3
BRF:0
BRH:0
end_of_record
TN:
SF:/home/vagrant/work/devcapsule-angular/app/scripts/common.js
FN:3,(anonymous_1)
FN:6,(anonymous_2)
FN:25,(anonymous_3)
FNF:3
FNH:1
FNDA:1,(anonymous_1)
FNDA:0,(anonymous_2)
FNDA:0,(anonymous_3)
DA:3,1
DA:6,1
DA:7,0
DA:8,0
DA:9,0
DA:10,0
DA:12,0
DA:13,0
DA:14,0
DA:15,0
DA:18,0
DA:19,0
DA:20,0
DA:25,1
DA:26,0
DA:27,0
DA:29,0
DA:30,0
DA:31,0
DA:32,0
DA:35,0
DA:36,0
DA:37,0
LF:23
LH:3
BRDA:12,1,0,0
BRDA:12,1,1,0
BRDA:29,2,0,0
BRDA:29,2,1,0
BRF:4
BRH:0
end_of_record
TN:
SF:/home/vagrant/work/devcapsule-angular/app/scripts/controllers/basesCtrl.js
FN:12,(anonymous_1)
FN:19,(anonymous_2)
FN:25,(anonymous_3)
FN:28,(anonymous_4)
FN:31,(anonymous_5)
FN:41,(anonymous_6)
FN:55,(anonymous_7)
FN:65,(anonymous_8)
FNF:8
FNH:7
FNDA:4,(anonymous_1)
FNDA:0,(anonymous_2)
FNDA:7,(anonymous_3)
FNDA:4,(anonymous_4)
FNDA:2,(anonymous_5)
FNDA:2,(anonymous_6)
FNDA:1,(anonymous_7)
FNDA:1,(anonymous_8)
DA:11,1
DA:14,4
DA:15,4
DA:16,4
DA:17,4
DA:19,4
DA:20,0
DA:25,4
DA:26,7
DA:27,7
DA:29,4
DA:32,2
DA:33,2
DA:38,4
DA:41,4
DA:42,2
DA:43,2
DA:44,2
DA:45,1
DA:46,1
DA:47,1
DA:49,1
DA:54,1
DA:57,1
DA:58,1
DA:59,1
DA:60,1
DA:65,4
DA:66,1
DA:67,1
DA:68,1
LF:31
LH:30
BRDA:44,1,0,1
BRDA:44,1,1,1
BRF:2
BRH:2
end_of_record
TN:
SF:/home/vagrant/work/devcapsule-angular/app/scripts/controllers/ordersCtrl.js
FN:10,(anonymous_1)
FN:17,(anonymous_2)
FN:21,(anonymous_3)
FN:23,(anonymous_4)
FN:26,(anonymous_5)
FN:34,(anonymous_6)
FN:37,(anonymous_7)
FN:42,(anonymous_8)
FN:48,(anonymous_9)
FN:50,(anonymous_10)
FN:56,(anonymous_11)
FN:66,(anonymous_12)
FN:75,(anonymous_13)
FN:79,(anonymous_14)
FN:83,(anonymous_15)
FN:101,(anonymous_16)
FN:107,(anonymous_17)
FN:117,(anonymous_18)
FNF:18
FNH:17
FNDA:9,(anonymous_1)
FNDA:1,(anonymous_2)
FNDA:13,(anonymous_3)
FNDA:6,(anonymous_4)
FNDA:2,(anonymous_5)
FNDA:2,(anonymous_6)
FNDA:1,(anonymous_7)
FNDA:1,(anonymous_8)
FNDA:1,(anonymous_9)
FNDA:1,(anonymous_10)
FNDA:1,(anonymous_11)
FNDA:1,(anonymous_12)
FNDA:4,(anonymous_13)
FNDA:2,(anonymous_14)
FNDA:2,(anonymous_15)
FNDA:0,(anonymous_16)
FNDA:1,(anonymous_17)
FNDA:2,(anonymous_18)
DA:10,1
DA:11,9
DA:12,9
DA:13,9
DA:14,9
DA:15,9
DA:17,9
DA:18,1
DA:21,9
DA:22,13
DA:24,6
DA:27,2
DA:28,2
DA:32,9
DA:34,9
DA:35,2
DA:36,2
DA:38,1
DA:39,1
DA:40,1
DA:43,1
DA:44,1
DA:48,9
DA:49,1
DA:51,1
DA:52,1
DA:56,9
DA:57,1
DA:58,1
DA:59,1
DA:60,1
DA:61,1
DA:63,1
DA:65,1
DA:66,1
DA:67,1
DA:68,0
DA:69,0
DA:75,9
DA:76,4
DA:79,9
DA:80,2
DA:81,2
DA:82,2
DA:83,2
DA:84,2
DA:85,2
DA:86,2
DA:89,2
DA:92,2
DA:93,2
DA:94,2
DA:95,0
DA:96,0
DA:97,0
DA:99,2
DA:100,1
DA:102,0
DA:106,1
DA:108,1
DA:111,2
DA:112,2
DA:113,2
DA:117,9
DA:118,2
DA:119,2
DA:120,2
LF:67
LH:61
BRDA:60,1,0,1
BRDA:60,1,1,0
BRDA:68,2,0,0
BRDA:68,2,1,0
BRDA:84,3,0,2
BRDA:84,3,1,0
BRDA:90,4,0,1
BRDA:90,4,1,1
BRDA:94,5,0,0
BRDA:94,5,1,2
BRDA:99,6,0,1
BRDA:99,6,1,1
BRF:12
BRH:7
end_of_record
TN:
SF:/home/vagrant/work/devcapsule-angular/app/scripts/controllers/pizzasCtrl.js
FN:10,(anonymous_1)
FN:17,(anonymous_2)
FN:22,(anonymous_3)
FN:35,(anonymous_4)
FN:46,(anonymous_5)
FN:55,(anonymous_6)
FN:58,(anonymous_7)
FN:61,(anonymous_8)
FN:72,(anonymous_9)
FN:75,(anonymous_10)
FN:82,(anonymous_11)
FN:85,(anonymous_12)
FN:91,(anonymous_13)
FN:99,(anonymous_14)
FN:123,(anonymous_15)
FN:129,(anonymous_16)
FN:139,(anonymous_17)
FNF:17
FNH:16
FNDA:9,(anonymous_1)
FNDA:1,(anonymous_2)
FNDA:2,(anonymous_3)
FNDA:6,(anonymous_4)
FNDA:5,(anonymous_5)
FNDA:12,(anonymous_6)
FNDA:7,(anonymous_7)
FNDA:2,(anonymous_8)
FNDA:1,(anonymous_9)
FNDA:1,(anonymous_10)
FNDA:1,(anonymous_11)
FNDA:1,(anonymous_12)
FNDA:2,(anonymous_13)
FNDA:6,(anonymous_14)
FNDA:0,(anonymous_15)
FNDA:1,(anonymous_16)
FNDA:2,(anonymous_17)
DA:10,1
DA:11,9
DA:12,9
DA:13,9
DA:14,9
DA:17,9
DA:18,1
DA:22,9
DA:23,2
DA:24,2
DA:25,4
DA:26,1
DA:27,1
DA:28,1
DA:29,1
DA:30,1
DA:31,2
DA:35,2
DA:36,6
DA:37,6
DA:38,2
DA:46,9
DA:47,5
DA:48,5
DA:49,5
DA:50,5
DA:51,5
DA:55,9
DA:56,12
DA:57,12
DA:59,7
DA:62,2
DA:63,2
DA:68,9
DA:72,9
DA:73,1
DA:74,1
DA:76,1
DA:77,1
DA:82,9
DA:83,1
DA:84,1
DA:86,1
DA:91,9
DA:92,2
DA:93,2
DA:94,2
DA:95,2
DA:96,2
DA:97,2
DA:99,2
DA:100,6
DA:101,6
DA:105,2
DA:113,2
DA:115,2
DA:116,2
DA:117,0
DA:118,0
DA:119,0
DA:121,2
DA:122,1
DA:124,0
DA:128,1
DA:130,1
DA:133,2
DA:134,2
DA:135,2
DA:139,9
DA:140,2
DA:141,2
DA:142,2
LF:72
LH:68
BRDA:25,1,0,1
BRDA:25,1,1,3
BRDA:37,2,0,2
BRDA:37,2,1,4
BRDA:100,3,0,6
BRDA:100,3,1,0
BRDA:106,4,0,1
BRDA:106,4,1,1
BRDA:116,5,0,0
BRDA:116,5,1,2
BRDA:121,6,0,1
BRDA:121,6,1,1
BRF:12
BRH:10
end_of_record
TN:
SF:/home/vagrant/work/devcapsule-angular/app/scripts/controllers/toppingsCtrl.js
FN:11,(anonymous_1)
FN:17,(anonymous_2)
FN:21,(anonymous_3)
FN:23,(anonymous_4)
FN:27,(anonymous_5)
FN:36,(anonymous_6)
FN:52,(anonymous_7)
FN:63,(anonymous_8)
FNF:8
FNH:7
FNDA:4,(anonymous_1)
FNDA:0,(anonymous_2)
FNDA:6,(anonymous_3)
FNDA:3,(anonymous_4)
FNDA:2,(anonymous_5)
FNDA:2,(anonymous_6)
FNDA:1,(anonymous_7)
FNDA:1,(anonymous_8)
DA:10,1
DA:12,4
DA:13,4
DA:14,4
DA:15,4
DA:17,4
DA:18,0
DA:21,4
DA:22,6
DA:24,3
DA:25,3
DA:28,2
DA:29,2
DA:33,4
DA:36,4
DA:37,2
DA:39,2
DA:40,2
DA:41,1
DA:42,1
DA:43,1
DA:46,1
DA:51,1
DA:54,1
DA:55,1
DA:56,1
DA:57,1
DA:59,1
DA:63,4
DA:64,1
DA:65,1
DA:66,1
LF:32
LH:31
BRDA:40,1,0,1
BRDA:40,1,1,1
BRF:2
BRH:2
end_of_record
TN:
SF:/home/vagrant/work/devcapsule-angular/app/scripts/services/businessRuleService.js
FN:11,(anonymous_1)
FN:13,(anonymous_2)
FN:22,(anonymous_3)
FN:31,(anonymous_4)
FN:54,(anonymous_5)
FNF:5
FNH:5
FNDA:37,(anonymous_1)
FNDA:4,(anonymous_2)
FNDA:4,(anonymous_3)
FNDA:8,(anonymous_4)
FNDA:3,(anonymous_5)
DA:11,1
DA:13,37
DA:14,4
DA:15,4
DA:16,2
DA:18,4
DA:22,37
DA:23,4
DA:24,4
DA:25,2
DA:27,4
DA:31,37
DA:32,8
DA:33,8
DA:34,1
DA:35,1
DA:37,7
DA:38,1
DA:40,7
DA:41,1
DA:43,7
DA:44,1
DA:46,7
DA:47,1
DA:49,7
DA:54,37
DA:55,3
DA:56,3
DA:57,1
DA:59,3
LF:30
LH:30
BRDA:15,1,0,2
BRDA:15,1,1,2
BRDA:24,2,0,2
BRDA:24,2,1,2
BRDA:33,3,0,1
BRDA:33,3,1,7
BRDA:37,4,0,1
BRDA:37,4,1,6
BRDA:40,5,0,1
BRDA:40,5,1,6
BRDA:43,6,0,1
BRDA:43,6,1,6
BRDA:43,7,0,7
BRDA:43,7,1,6
BRDA:43,7,2,6
BRDA:46,8,0,1
BRDA:46,8,1,6
BRDA:46,9,0,7
BRDA:46,9,1,6
BRDA:56,10,0,1
BRDA:56,10,1,2
BRDA:56,11,0,3
BRDA:56,11,1,2
BRF:23
BRH:23
end_of_record
TN:
SF:/home/vagrant/work/devcapsule-angular/app/scripts/services/entityservice.js
FN:11,(anonymous_1)
FN:16,(anonymous_2)
FN:18,(anonymous_3)
FN:21,(anonymous_4)
FN:29,(anonymous_5)
FN:31,(anonymous_6)
FN:34,(anonymous_7)
FN:42,(anonymous_8)
FN:45,(anonymous_9)
FN:48,(anonymous_10)
FN:55,(anonymous_11)
FN:58,(anonymous_12)
FN:60,(anonymous_13)
FNF:13
FNH:10
FNDA:41,(anonymous_1)
FNDA:8,(anonymous_2)
FNDA:4,(anonymous_3)
FNDA:4,(anonymous_4)
FNDA:4,(anonymous_5)
FNDA:4,(anonymous_6)
FNDA:0,(anonymous_7)
FNDA:2,(anonymous_8)
FNDA:2,(anonymous_9)
FNDA:0,(anonymous_10)
FNDA:1,(anonymous_11)
FNDA:1,(anonymous_12)
FNDA:0,(anonymous_13)
DA:11,1
DA:12,41
DA:13,41
DA:16,41
DA:17,8
DA:19,4
DA:22,4
DA:25,8
DA:29,41
DA:30,4
DA:32,4
DA:35,0
DA:38,4
DA:42,41
DA:43,2
DA:46,2
DA:49,0
DA:51,2
DA:55,41
DA:56,1
DA:61,0
DA:63,1
DA:66,41
LF:23
LH:20
BRF:0
BRH:0
end_of_record
